2002.06.05 14:58 B C:\Documents and Settings\user\Desktop\WEB PAGE\WS_FTP\index.html --> patrick-enterprises.com /public_html index.html
2002.06.06 15:29 B C:\Documents and Settings\user\Desktop\WEB PAGE\WS_FTP\index.html --> patrick-enterprises.com /public_html index.html
2002.06.06 15:47 B C:\Documents and Settings\user\Desktop\WEB PAGE\WS_FTP\colt.JPG --> patrick-enterprises.com /public_html colt.JPG
2002.06.06 15:47 B C:\Documents and Settings\user\Desktop\WEB PAGE\WS_FTP\index.html --> patrick-enterprises.com /public_html index.html
2002.06.06 15:47 B C:\Documents and Settings\user\Desktop\WEB PAGE\WS_FTP\MULTILIN LOGO.gif --> patrick-enterprises.com /public_html MULTILIN LOGO.gif
2002.06.06 15:47 B C:\Documents and Settings\user\Desktop\WEB PAGE\WS_FTP\about.htm --> patrick-enterprises.com /public_html about.htm
2002.06.07 09:02 B C:\Documents and Settings\user\Desktop\WEB PAGE\WS_FTP\WS_FTP95.exe --> patrick-enterprises.com /public_html WS_FTP95.exe
2002.06.07 09:03 B C:\Documents and Settings\user\Desktop\WEB PAGE\WS_FTP\colt.bmp --> patrick-enterprises.com /public_html colt.bmp
2002.06.07 09:03 B C:\Documents and Settings\user\Desktop\WEB PAGE\WS_FTP\colt.JPG --> patrick-enterprises.com /public_html colt.JPG
2002.06.07 09:04 B C:\Documents and Settings\user\Desktop\WEB PAGE\WS_FTP\hvs.JPG --> patrick-enterprises.com /public_html hvs.JPG
2002.06.07 09:04 B C:\Documents and Settings\user\Desktop\WEB PAGE\WS_FTP\nehring.bmp --> patrick-enterprises.com /public_html nehring.bmp
2002.06.07 09:04 B C:\Documents and Settings\user\Desktop\WEB PAGE\WS_FTP\nehring.GIF --> patrick-enterprises.com /public_html nehring.GIF
2002.06.07 09:04 B C:\Documents and Settings\user\Desktop\WEB PAGE\WS_FTP\pg.bmp --> patrick-enterprises.com /public_html pg.bmp
2002.06.07 09:04 B C:\Documents and Settings\user\Desktop\WEB PAGE\WS_FTP\pg.JPG --> patrick-enterprises.com /public_html pg.JPG
2002.06.07 09:04 B C:\Documents and Settings\user\Desktop\WEB PAGE\WS_FTP\sci.bmp --> patrick-enterprises.com /public_html sci.bmp
2002.06.07 09:04 B C:\Documents and Settings\user\Desktop\WEB PAGE\WS_FTP\sci.JPG --> patrick-enterprises.com /public_html sci.JPG
2002.06.13 16:11 B C:\Documents and Settings\user\Desktop\WEB PAGE\WS_FTP\colt.JPG --> patrick-enterprises.com /public_html colt.JPG
2002.06.13 16:11 B C:\Documents and Settings\user\Desktop\WEB PAGE\WS_FTP\erico.JPG --> patrick-enterprises.com /public_html erico.JPG
2002.06.13 16:11 B C:\Documents and Settings\user\Desktop\WEB PAGE\WS_FTP\hvs.JPG --> patrick-enterprises.com /public_html hvs.JPG
2002.06.13 16:11 B C:\Documents and Settings\user\Desktop\WEB PAGE\WS_FTP\index.html --> patrick-enterprises.com /public_html index.html
2002.06.13 16:11 B C:\Documents and Settings\user\Desktop\WEB PAGE\WS_FTP\MULTILIN LOGO.gif --> patrick-enterprises.com /public_html MULTILIN LOGO.gif
2002.06.13 16:11 B C:\Documents and Settings\user\Desktop\WEB PAGE\WS_FTP\nehring.GIF --> patrick-enterprises.com /public_html nehring.GIF
2002.06.13 16:11 B C:\Documents and Settings\user\Desktop\WEB PAGE\WS_FTP\PANALARM.jpg --> patrick-enterprises.com /public_html PANALARM.jpg
2002.06.13 16:11 B C:\Documents and Settings\user\Desktop\WEB PAGE\WS_FTP\pg.JPG --> patrick-enterprises.com /public_html pg.JPG
2002.06.13 16:11 B C:\Documents and Settings\user\Desktop\WEB PAGE\WS_FTP\Pycored.jpg --> patrick-enterprises.com /public_html Pycored.jpg
2002.06.13 16:11 B C:\Documents and Settings\user\Desktop\WEB PAGE\WS_FTP\richards.jpg --> patrick-enterprises.com /public_html richards.jpg
2002.06.13 16:11 B C:\Documents and Settings\user\Desktop\WEB PAGE\WS_FTP\ROCHESTER.jpg --> patrick-enterprises.com /public_html ROCHESTER.jpg
2002.06.13 16:12 B C:\Documents and Settings\user\Desktop\WEB PAGE\WS_FTP\sci.JPG --> patrick-enterprises.com /public_html sci.JPG
2002.06.13 16:14 B C:\Documents and Settings\user\Desktop\WEB PAGE\WS_FTP\blacklogowaukesha.bmp --> patrick-enterprises.com /public_html blacklogowaukesha.bmp
2002.06.13 16:14 B C:\Documents and Settings\user\Desktop\WEB PAGE\WS_FTP\hvs.JPG --> patrick-enterprises.com /public_html hvs.JPG
2002.09.11 14:28 B C:\Documents and Settings\user\Desktop\WEB PAGE\WS_FTP\hvs.JPG --> patrick-enterprises.com /public_html hvs.JPG
2002.09.11 14:28 B C:\Documents and Settings\user\Desktop\WEB PAGE\WS_FTP\hvs.JPG --> patrick-enterprises.com /public_html hvs.JPG
2002.09.11 14:35 B C:\Documents and Settings\user\Desktop\WEB PAGE\WS_FTP\index.html --> patrick-enterprises.com /public_html index.html
2002.09.11 14:39 B C:\Documents and Settings\user\Desktop\WEB PAGE\WS_FTP\index.html --> patrick-enterprises.com /public_html index.html
2002.09.11 14:41 B C:\Documents and Settings\user\Desktop\WEB PAGE\WS_FTP\index.html --> patrick-enterprises.com /public_html index.html
2002.11.07 09:45 B C:\Documents and Settings\user\Desktop\WEB PAGE\WS_FTP\contact.htm --> patrick-enterprises.com / contact.htm
2002.11.07 10:33 B C:\Documents and Settings\user\Desktop\WEB PAGE\WS_FTP\contact.htm --> patrick-enterprises.com /public_html contact.htm
2003.01.20 09:39 B C:\Documents and Settings\user\Desktop\WEB PAGE\WS_FTP\electrical.htm --> patrick-enterprises.com /public_html electrical.htm
2003.02.11 09:54 B C:\Documents and Settings\user\Desktop\WEB PAGE\WS_FTP\electrical.htm --> patrick-enterprises.com /public_html electrical.htm
2003.02.11 09:54 B C:\Documents and Settings\user\Desktop\WEB PAGE\WS_FTP\index.html --> patrick-enterprises.com /public_html index.html
2003.02.11 09:55 B C:\Documents and Settings\user\Desktop\WEB PAGE\WS_FTP\joslynclark.gif --> patrick-enterprises.com /public_html joslynclark.gif
2003.02.11 09:55 B C:\Documents and Settings\user\Desktop\WEB PAGE\WS_FTP\mechanical.htm --> patrick-enterprises.com /public_html mechanical.htm
2003.02.11 09:55 B C:\Documents and Settings\user\Desktop\WEB PAGE\WS_FTP\saclogo.JPG --> patrick-enterprises.com /public_html saclogo.JPG
2003.02.11 09:58 B C:\Documents and Settings\user\Desktop\WEB PAGE\WS_FTP\electrical.htm --> patrick-enterprises.com /public_html electrical.htm
2003.02.11 09:58 B C:\Documents and Settings\user\Desktop\WEB PAGE\WS_FTP\index.html --> patrick-enterprises.com /public_html index.html
2003.02.11 10:01 B C:\Documents and Settings\user\Desktop\WEB PAGE\WS_FTP\electrical.htm --> patrick-enterprises.com /public_html electrical.htm
2003.02.11 10:01 B C:\Documents and Settings\user\Desktop\WEB PAGE\WS_FTP\erico.bmp --> patrick-enterprises.com /public_html erico.bmp
2003.02.11 10:01 B C:\Documents and Settings\user\Desktop\WEB PAGE\WS_FTP\erico.JPG --> patrick-enterprises.com /public_html erico.JPG
2003.02.11 10:01 B C:\Documents and Settings\user\Desktop\WEB PAGE\WS_FTP\greg.psp --> patrick-enterprises.com /public_html greg.psp
2003.02.11 10:01 B C:\Documents and Settings\user\Desktop\WEB PAGE\WS_FTP\greg2 copy.psp --> patrick-enterprises.com /public_html greg2 copy.psp
2003.02.11 10:01 B C:\Documents and Settings\user\Desktop\WEB PAGE\WS_FTP\hvs.JPG --> patrick-enterprises.com /public_html hvs.JPG
2003.02.11 10:02 B C:\Documents and Settings\user\Desktop\WEB PAGE\WS_FTP\Image1.gif --> patrick-enterprises.com /public_html Image1.gif
2003.02.11 10:02 B C:\Documents and Settings\user\Desktop\WEB PAGE\WS_FTP\Image1.psp --> patrick-enterprises.com /public_html Image1.psp
2003.02.11 10:02 B C:\Documents and Settings\user\Desktop\WEB PAGE\WS_FTP\Image3.psp --> patrick-enterprises.com /public_html Image3.psp
2003.02.11 10:02 B C:\Documents and Settings\user\Desktop\WEB PAGE\WS_FTP\index.html --> patrick-enterprises.com /public_html index.html
2003.07.24 14:17 B C:\Documents and Settings\user\Desktop\WEB PAGE\WS_FTP\electrical.htm --> patrick-enterprises.com /public_html electrical.htm
2003.07.24 14:17 B C:\Documents and Settings\user\Desktop\WEB PAGE\WS_FTP\mechanical.htm --> patrick-enterprises.com /public_html mechanical.htm
2003.07.24 14:31 B C:\Documents and Settings\user\Desktop\WEB PAGE\WS_FTP\electrical.htm --> patrick-enterprises.com /public_html electrical.htm
2003.07.24 14:31 B C:\Documents and Settings\user\Desktop\WEB PAGE\WS_FTP\mechanical.htm --> patrick-enterprises.com /public_html mechanical.htm
2003.07.24 14:33 B C:\Documents and Settings\user\Desktop\WEB PAGE\WS_FTP\index.html --> patrick-enterprises.com /public_html index.html
2003.09.10 11:52 B C:\Documents and Settings\user\Desktop\WEB PAGE\WS_FTP\electrical.htm --> patrick-enterprises.com /public_html electrical.htm
2003.09.10 11:52 B C:\Documents and Settings\user\Desktop\WEB PAGE\WS_FTP\index.html --> patrick-enterprises.com /public_html index.html
2003.09.10 12:02 B C:\Documents and Settings\user\Desktop\WEB PAGE\WS_FTP\electrical.htm --> patrick-enterprises.com /public_html electrical.htm
2003.09.10 12:02 B C:\Documents and Settings\user\Desktop\WEB PAGE\WS_FTP\index.html --> patrick-enterprises.com /public_html index.html
2003.12.23 10:00 B C:\Documents and Settings\user\Desktop\WEB PAGE\WS_FTP\electrical.htm --> patrick-enterprises.com /public_html electrical.htm
2003.12.23 10:38 B C:\Documents and Settings\user\Desktop\WEB PAGE\WS_FTP\electrical.htm --> patrick-enterprises.com /public_html electrical.htm
2004.04.27 14:44 B C:\Documents and Settings\user\Desktop\GREG\WEB PAGE\WS_FTP\electrical.htm --> patrick-enterprises.com /public_html electrical.htm
2004.07.09 09:24 B C:\Documents and Settings\user\Desktop\GREG\WEB PAGE\WS_FTP\electrical.htm --> patrick-enterprises.com / electrical.htm
2004.07.09 09:24 B C:\Documents and Settings\user\Desktop\GREG\WEB PAGE\WS_FTP\electrical.htm --> patrick-enterprises.com /public_html electrical.htm
2004.07.09 10:17 B C:\Documents and Settings\user\Desktop\GREG\WEB PAGE\WS_FTP\index.html --> patrick-enterprises.com /public_html index.html
2004.07.09 10:22 B C:\Documents and Settings\user\Desktop\GREG\WEB PAGE\WS_FTP\index.html --> patrick-enterprises.com /public_html index.html
2004.07.09 10:22 B C:\Documents and Settings\user\Desktop\GREG\WEB PAGE\WS_FTP\PIONEER X FORMER 2.gif --> patrick-enterprises.com /public_html PIONEER X FORMER 2.gif
2004.07.09 10:22 B C:\Documents and Settings\user\Desktop\GREG\WEB PAGE\WS_FTP\PIONEER X FORMER.gif --> patrick-enterprises.com /public_html PIONEER X FORMER.gif
2004.07.09 10:40 B C:\Documents and Settings\user\Desktop\GREG\WEB PAGE\WS_FTP\index.html --> patrick-enterprises.com / index.html
2004.07.09 10:41 B C:\Documents and Settings\user\Desktop\GREG\WEB PAGE\WS_FTP\index.html --> patrick-enterprises.com /public_html index.html
2004.07.09 10:44 B C:\Documents and Settings\user\Desktop\GREG\WEB PAGE\WS_FTP\index.html --> patrick-enterprises.com /public_html index.html
2004.07.16 11:36 B C:\Documents and Settings\user\Desktop\GREG\WEB PAGE\WS_FTP\electrical.htm --> patrick-enterprises.com /public_html electrical.htm
2005.01.03 11:39 B C:\Documents and Settings\All Users\Desktop\GREG\WEB PAGE\WS_FTP\electrical.htm --> patrick-enterprises.com /public_html electrical.htm
2005.04.22 14:23 B C:\Documents and Settings\All Users\Desktop\GREG\WEB PAGE\WS_FTP\electrical.htm --> patrick-enterprises.com /public_html electrical.htm
2005.08.15 09:48 B \\Valued-7b9600fa\desktop\GREG\WEB PAGE\WS_FTP\electrical.htm --> patrick-enterprises.com /public_html electrical.htm
2005.08.15 09:57 B C:\Documents and Settings\All Users\Desktop\GREG\WEB PAGE\WS_FTP\electrical.htm --> patrick-enterprises.com /public_html electrical.htm
2005.09.13 11:25 B C:\Documents and Settings\All Users\Desktop\GREG\WEB PAGE\WS_FTP\electrical.htm --> patrick-enterprises.com /public_html electrical.htm
2005.09.13 11:30 B C:\Documents and Settings\All Users\Desktop\GREG\WEB PAGE\WS_FTP\electrical.htm --> patrick-enterprises.com /public_html electrical.htm
2005.09.13 11:30 B C:\Documents and Settings\All Users\Desktop\GREG\WEB PAGE\WS_FTP\index.html --> patrick-enterprises.com /public_html index.html
2005.09.13 11:43 B C:\Documents and Settings\All Users\Desktop\GREG\WEB PAGE\WS_FTP\electrical.htm --> patrick-enterprises.com /public_html electrical.htm
2005.09.13 11:43 B C:\Documents and Settings\All Users\Desktop\GREG\WEB PAGE\WS_FTP\index.html --> patrick-enterprises.com /public_html index.html
2005.09.13 11:50 B C:\Documents and Settings\All Users\Desktop\GREG\WEB PAGE\WS_FTP\electrical.htm --> patrick-enterprises.com /public_html electrical.htm
2005.09.13 11:50 B C:\Documents and Settings\All Users\Desktop\GREG\WEB PAGE\WS_FTP\index.html --> patrick-enterprises.com /public_html index.html
2006.02.26 11:12 B C:\Documents and Settings\All Users\Desktop\GREG\WEB PAGE\WS_FTP\about.htm --> patrick-enterprises.com /public_html about.htm
2006.02.26 11:12 B C:\Documents and Settings\All Users\Desktop\GREG\WEB PAGE\WS_FTP\contact.htm --> patrick-enterprises.com /public_html contact.htm
2006.02.26 11:12 B C:\Documents and Settings\All Users\Desktop\GREG\WEB PAGE\WS_FTP\index.html --> patrick-enterprises.com /public_html index.html
2006.02.26 11:12 B C:\Documents and Settings\All Users\Desktop\GREG\WEB PAGE\WS_FTP\mechanical.htm --> patrick-enterprises.com /public_html mechanical.htm
2006.02.26 11:15 B C:\Documents and Settings\All Users\Desktop\GREG\WEB PAGE\WS_FTP\electrical.htm --> patrick-enterprises.com /public_html electrical.htm
2006.02.26 11:17 B C:\Documents and Settings\All Users\Desktop\GREG\WEB PAGE\WS_FTP\electrical.htm --> patrick-enterprises.com / electrical.htm
2006.02.26 11:26 B C:\Documents and Settings\All Users\Desktop\GREG\WEB PAGE\WS_FTP\electrical.htm --> patrick-enterprises.com / electrical.htm
2006.02.26 11:27 B C:\Documents and Settings\All Users\Desktop\GREG\WEB PAGE\WS_FTP\electrical.htm --> patrick-enterprises.com /public_html electrical.htm
2006.02.26 11:31 B C:\Documents and Settings\All Users\Desktop\GREG\WEB PAGE\WS_FTP\electrical.htm --> patrick-enterprises.com /public_html electrical.htm
2006.08.29 16:55 B \\Valued-7b9600fa\desktop\GREG\WEB PAGE\WS_FTP\electrical.htm --> patrick-enterprises.com /public_html electrical.htm
2006.08.29 16:56 B \\Valued-7b9600fa\desktop\GREG\WEB PAGE\WS_FTP\electrical.htm --> patrick-enterprises.com /public_html electrical.htm
2006.08.29 16:58 B \\Valued-7b9600fa\desktop\GREG\WEB PAGE\WS_FTP\electrical.htm --> patrick-enterprises.com /public_html electrical.htm
2006.08.29 16:58 B C:\Documents and Settings\All Users\Desktop\GREG\WEB PAGE\WS_FTP\electrical.htm --> patrick-enterprises.com /public_html electrical.htm
2006.08.29 16:59 B C:\Documents and Settings\All Users\Desktop\GREG\WEB PAGE\WS_FTP\electrical.htm --> patrick-enterprises.com /public_html electrical.htm
2006.12.14 16:12 B \\Valued-7b9600fa\desktop\GREG\WEB PAGE\WS_FTP\electrical.htm --> patrick-enterprises.com /public_html electrical.htm
2006.12.14 16:15 B \\Valued-7b9600fa\desktop\GREG\WEB PAGE\WS_FTP\electrical.htm --> patrick-enterprises.com /public_html electrical.htm
2007.03.12 13:49 B \\Valued-7b9600fa\desktop\GREG\WEB PAGE\WS_FTP\electrical.htm --> patrick-enterprises.com /public_html electrical.htm
2007.03.12 13:56 B \\Valued-7b9600fa\desktop\GREG\WEB PAGE\WS_FTP\electrical.htm --> patrick-enterprises.com /public_html electrical.htm
2007.03.12 13:56 B \\Valued-7b9600fa\desktop\GREG\WEB PAGE\WS_FTP\index.html --> patrick-enterprises.com /public_html index.html
2007.03.12 14:03 B \\Valued-7b9600fa\desktop\GREG\WEB PAGE\WS_FTP\electrical.htm --> patrick-enterprises.com /public_html electrical.htm
2007.03.12 14:03 B \\Valued-7b9600fa\desktop\GREG\WEB PAGE\WS_FTP\index.html --> patrick-enterprises.com /public_html index.html
2007.03.12 14:08 B \\Valued-7b9600fa\desktop\GREG\WEB PAGE\WS_FTP\electrical.htm --> patrick-enterprises.com /public_html electrical.htm
2007.03.12 14:08 B \\Valued-7b9600fa\desktop\GREG\WEB PAGE\WS_FTP\index.html --> patrick-enterprises.com /public_html index.html
2007.03.12 14:29 B \\Valued-7b9600fa\desktop\GREG\WEB PAGE\WS_FTP\electrical.htm --> patrick-enterprises.com /public_html electrical.htm
2007.03.12 14:29 B \\Valued-7b9600fa\desktop\GREG\WEB PAGE\WS_FTP\index.html --> patrick-enterprises.com /public_html index.html
2007.03.12 14:33 B \\Valued-7b9600fa\desktop\GREG\WEB PAGE\WS_FTP\electrical.htm --> patrick-enterprises.com /public_html electrical.htm
2007.03.12 14:33 B \\Valued-7b9600fa\desktop\GREG\WEB PAGE\WS_FTP\index.html --> patrick-enterprises.com /public_html index.html
2007.04.23 11:26 B \\Valued-7b9600fa\desktop\GREG\WEB PAGE\WS_FTP\electrical.htm --> patrick-enterprises.com /public_html electrical.htm
2007.04.23 11:30 B \\Valued-7b9600fa\desktop\GREG\WEB PAGE\WS_FTP\electrical.htm --> patrick-enterprises.com /public_html electrical.htm
2007.04.23 11:33 B \\Valued-7b9600fa\desktop\GREG\WEB PAGE\WS_FTP\electrical.htm --> patrick-enterprises.com /public_html electrical.htm
2007.04.23 11:35 B \\Valued-7b9600fa\desktop\GREG\WEB PAGE\WS_FTP\electrical.htm --> patrick-enterprises.com /public_html electrical.htm
2008.03.27 14:50 B C:\Documents and Settings\All Users\Desktop\GREG\WEB PAGE\WS_FTP\electrical.htm --> patrick-enterprises.com /public_html electrical.htm
2009.01.23 16:00 B C:\Documents and Settings\All Users\Desktop\GREG\WEB PAGE\WS_FTP\electrical.htm --> patrick-enterprises.com /public_html electrical.htm
2009.08.26 11:06 B C:\Documents and Settings\All Users\Desktop\GREG\WEB PAGE\WS_FTP\electrical.htm --> patrick-enterprises.com /public_html electrical.htm
2009.12.30 10:19 B C:\Documents and Settings\All Users\Desktop\GREG\WEB PAGE\WS_FTP\.htaccess --> patrick-enterprises.com /public_html .htaccess
2009.12.30 10:19 B C:\Documents and Settings\All Users\Desktop\GREG\WEB PAGE\WS_FTP\_vti_inf.html --> patrick-enterprises.com /public_html _vti_inf.html
2009.12.30 10:19 B C:\Documents and Settings\All Users\Desktop\GREG\WEB PAGE\WS_FTP\about.gif --> patrick-enterprises.com /public_html about.gif
2009.12.30 10:19 B C:\Documents and Settings\All Users\Desktop\GREG\WEB PAGE\WS_FTP\about.htm --> patrick-enterprises.com /public_html about.htm
2009.12.30 10:19 B C:\Documents and Settings\All Users\Desktop\GREG\WEB PAGE\WS_FTP\about2.gif --> patrick-enterprises.com /public_html about2.gif
2009.12.30 10:19 B C:\Documents and Settings\All Users\Desktop\GREG\WEB PAGE\WS_FTP\blacklogowaukesha.bmp --> patrick-enterprises.com /public_html blacklogowaukesha.bmp
2009.12.30 10:19 B C:\Documents and Settings\All Users\Desktop\GREG\WEB PAGE\WS_FTP\button1.psp --> patrick-enterprises.com /public_html button1.psp
2009.12.30 10:19 B C:\Documents and Settings\All Users\Desktop\GREG\WEB PAGE\WS_FTP\button2.psp --> patrick-enterprises.com /public_html button2.psp
2009.12.30 10:19 B C:\Documents and Settings\All Users\Desktop\GREG\WEB PAGE\WS_FTP\colt.JPG --> patrick-enterprises.com /public_html colt.JPG
2009.12.30 10:19 B C:\Documents and Settings\All Users\Desktop\GREG\WEB PAGE\WS_FTP\complete.wav --> patrick-enterprises.com /public_html complete.wav
2009.12.30 10:19 B C:\Documents and Settings\All Users\Desktop\GREG\WEB PAGE\WS_FTP\connect.wav --> patrick-enterprises.com /public_html connect.wav
2009.12.30 10:19 B C:\Documents and Settings\All Users\Desktop\GREG\WEB PAGE\WS_FTP\contact.gif --> patrick-enterprises.com /public_html contact.gif
2009.12.30 10:19 B C:\Documents and Settings\All Users\Desktop\GREG\WEB PAGE\WS_FTP\contact.htm --> patrick-enterprises.com /public_html contact.htm
2009.12.30 10:19 B C:\Documents and Settings\All Users\Desktop\GREG\WEB PAGE\WS_FTP\contact2.gif --> patrick-enterprises.com /public_html contact2.gif
2009.12.30 10:19 B C:\Documents and Settings\All Users\Desktop\GREG\WEB PAGE\WS_FTP\dixie.bmp --> patrick-enterprises.com /public_html dixie.bmp
2009.12.30 10:19 B C:\Documents and Settings\All Users\Desktop\GREG\WEB PAGE\WS_FTP\elec.gif --> patrick-enterprises.com /public_html elec.gif
2009.12.30 10:19 B C:\Documents and Settings\All Users\Desktop\GREG\WEB PAGE\WS_FTP\elec2.gif --> patrick-enterprises.com /public_html elec2.gif
2009.12.30 10:19 B C:\Documents and Settings\All Users\Desktop\GREG\WEB PAGE\WS_FTP\electrical.htm --> patrick-enterprises.com /public_html electrical.htm
2009.12.30 10:19 B C:\Documents and Settings\All Users\Desktop\GREG\WEB PAGE\WS_FTP\erico.bmp --> patrick-enterprises.com /public_html erico.bmp
2009.12.30 10:19 B C:\Documents and Settings\All Users\Desktop\GREG\WEB PAGE\WS_FTP\erico.JPG --> patrick-enterprises.com /public_html erico.JPG
2009.12.30 10:19 B C:\Documents and Settings\All Users\Desktop\GREG\WEB PAGE\WS_FTP\greg.psp --> patrick-enterprises.com /public_html greg.psp
2009.12.30 10:19 B C:\Documents and Settings\All Users\Desktop\GREG\WEB PAGE\WS_FTP\greg2 copy.psp --> patrick-enterprises.com /public_html greg2 copy.psp
2009.12.30 10:19 B C:\Documents and Settings\All Users\Desktop\GREG\WEB PAGE\WS_FTP\hvs.JPG --> patrick-enterprises.com /public_html hvs.JPG
2009.12.30 10:19 B C:\Documents and Settings\All Users\Desktop\GREG\WEB PAGE\WS_FTP\Image1.gif --> patrick-enterprises.com /public_html Image1.gif
2009.12.30 10:19 B C:\Documents and Settings\All Users\Desktop\GREG\WEB PAGE\WS_FTP\Image1.psp --> patrick-enterprises.com /public_html Image1.psp
2009.12.30 10:19 B C:\Documents and Settings\All Users\Desktop\GREG\WEB PAGE\WS_FTP\Image3.psp --> patrick-enterprises.com /public_html Image3.psp
2009.12.30 10:19 B C:\Documents and Settings\All Users\Desktop\GREG\WEB PAGE\WS_FTP\index.html --> patrick-enterprises.com /public_html index.html
2009.12.30 10:19 B C:\Documents and Settings\All Users\Desktop\GREG\WEB PAGE\WS_FTP\joslynclark.gif --> patrick-enterprises.com /public_html joslynclark.gif
2009.12.30 10:19 B C:\Documents and Settings\All Users\Desktop\GREG\WEB PAGE\WS_FTP\links.gif --> patrick-enterprises.com /public_html links.gif
2009.12.30 10:19 B C:\Documents and Settings\All Users\Desktop\GREG\WEB PAGE\WS_FTP\links2.gif --> patrick-enterprises.com /public_html links2.gif
2009.12.30 10:19 B C:\Documents and Settings\All Users\Desktop\GREG\WEB PAGE\WS_FTP\logo.gif --> patrick-enterprises.com /public_html logo.gif
2009.12.30 10:19 B C:\Documents and Settings\All Users\Desktop\GREG\WEB PAGE\WS_FTP\logocp.bmp --> patrick-enterprises.com /public_html logocp.bmp
2009.12.30 10:19 B C:\Documents and Settings\All Users\Desktop\GREG\WEB PAGE\WS_FTP\MARBLE.gif --> patrick-enterprises.com /public_html MARBLE.gif
2009.12.30 10:19 B C:\Documents and Settings\All Users\Desktop\GREG\WEB PAGE\WS_FTP\mech.gif --> patrick-enterprises.com /public_html mech.gif
2009.12.30 10:19 B C:\Documents and Settings\All Users\Desktop\GREG\WEB PAGE\WS_FTP\mech2.gif --> patrick-enterprises.com /public_html mech2.gif
2009.12.30 10:19 B C:\Documents and Settings\All Users\Desktop\GREG\WEB PAGE\WS_FTP\mechanical.htm --> patrick-enterprises.com /public_html mechanical.htm
2009.12.30 10:19 B C:\Documents and Settings\All Users\Desktop\GREG\WEB PAGE\WS_FTP\MOVING LERICON.psp --> patrick-enterprises.com /public_html MOVING LERICON.psp
2009.12.30 10:19 B C:\Documents and Settings\All Users\Desktop\GREG\WEB PAGE\WS_FTP\MULTILIN LOGO.gif --> patrick-enterprises.com /public_html MULTILIN LOGO.gif
2009.12.30 10:19 B C:\Documents and Settings\All Users\Desktop\GREG\WEB PAGE\WS_FTP\nehring.GIF --> patrick-enterprises.com /public_html nehring.GIF
2009.12.30 10:19 B C:\Documents and Settings\All Users\Desktop\GREG\WEB PAGE\WS_FTP\PANALARM.jpg --> patrick-enterprises.com /public_html PANALARM.jpg
2009.12.30 10:19 B C:\Documents and Settings\All Users\Desktop\GREG\WEB PAGE\WS_FTP\PAT ENG FONT.psp --> patrick-enterprises.com /public_html PAT ENG FONT.psp
2009.12.30 10:19 B C:\Documents and Settings\All Users\Desktop\GREG\WEB PAGE\WS_FTP\pg.JPG --> patrick-enterprises.com /public_html pg.JPG
2009.12.30 10:19 B C:\Documents and Settings\All Users\Desktop\GREG\WEB PAGE\WS_FTP\pg1.bmp --> patrick-enterprises.com /public_html pg1.bmp
2009.12.30 10:20 B C:\Documents and Settings\All Users\Desktop\GREG\WEB PAGE\WS_FTP\pg2.jpg --> patrick-enterprises.com /public_html pg2.jpg
2009.12.30 10:20 B C:\Documents and Settings\All Users\Desktop\GREG\WEB PAGE\WS_FTP\pgg.gif --> patrick-enterprises.com /public_html pgg.gif
2009.12.30 10:20 B C:\Documents and Settings\All Users\Desktop\GREG\WEB PAGE\WS_FTP\PGlogo.gif --> patrick-enterprises.com /public_html PGlogo.gif
2009.12.30 10:20 B C:\Documents and Settings\All Users\Desktop\GREG\WEB PAGE\WS_FTP\PIONEER X FORMER 2.gif --> patrick-enterprises.com /public_html PIONEER X FORMER 2.gif
2009.12.30 10:20 B C:\Documents and Settings\All Users\Desktop\GREG\WEB PAGE\WS_FTP\PIONEER X FORMER.gif --> patrick-enterprises.com /public_html PIONEER X FORMER.gif
2009.12.30 10:20 B C:\Documents and Settings\All Users\Desktop\GREG\WEB PAGE\WS_FTP\postinfo.html --> patrick-enterprises.com /public_html postinfo.html
2009.12.30 10:20 B C:\Documents and Settings\All Users\Desktop\GREG\WEB PAGE\WS_FTP\product symbols.doc --> patrick-enterprises.com /public_html product symbols.doc
2009.12.30 10:20 B C:\Documents and Settings\All Users\Desktop\GREG\WEB PAGE\WS_FTP\Pycored.BMP --> patrick-enterprises.com /public_html Pycored.BMP
2009.12.30 10:20 B C:\Documents and Settings\All Users\Desktop\GREG\WEB PAGE\WS_FTP\Pycored.jpg --> patrick-enterprises.com /public_html Pycored.jpg
2009.12.30 10:20 B C:\Documents and Settings\All Users\Desktop\GREG\WEB PAGE\WS_FTP\remove.exe --> patrick-enterprises.com /public_html remove.exe
2009.12.30 10:20 B C:\Documents and Settings\All Users\Desktop\GREG\WEB PAGE\WS_FTP\richards.jpg --> patrick-enterprises.com /public_html richards.jpg
2009.12.30 10:20 B C:\Documents and Settings\All Users\Desktop\GREG\WEB PAGE\WS_FTP\ROCHESTER.jpg --> patrick-enterprises.com /public_html ROCHESTER.jpg
2009.12.30 10:20 B C:\Documents and Settings\All Users\Desktop\GREG\WEB PAGE\WS_FTP\saclogo.JPG --> patrick-enterprises.com /public_html saclogo.JPG
2009.12.30 10:20 B C:\Documents and Settings\All Users\Desktop\GREG\WEB PAGE\WS_FTP\sci.JPG --> patrick-enterprises.com /public_html sci.JPG
2009.12.30 10:20 B C:\Documents and Settings\All Users\Desktop\GREG\WEB PAGE\WS_FTP\Scrap.shs --> patrick-enterprises.com /public_html Scrap.shs
2009.12.30 10:20 B C:\Documents and Settings\All Users\Desktop\GREG\WEB PAGE\WS_FTP\Springer_logo.bmp --> patrick-enterprises.com /public_html Springer_logo.bmp
2009.12.30 10:20 B C:\Documents and Settings\All Users\Desktop\GREG\WEB PAGE\WS_FTP\title.gif --> patrick-enterprises.com /public_html title.gif
2009.12.30 10:20 B C:\Documents and Settings\All Users\Desktop\GREG\WEB PAGE\WS_FTP\top.psp --> patrick-enterprises.com /public_html top.psp
2009.12.30 10:20 B C:\Documents and Settings\All Users\Desktop\GREG\WEB PAGE\WS_FTP\top2.gif --> patrick-enterprises.com /public_html top2.gif
2009.12.30 10:20 B C:\Documents and Settings\All Users\Desktop\GREG\WEB PAGE\WS_FTP\top2.jpg --> patrick-enterprises.com /public_html top2.jpg
2009.12.30 10:20 B C:\Documents and Settings\All Users\Desktop\GREG\WEB PAGE\WS_FTP\whatsnew.txt --> patrick-enterprises.com /public_html whatsnew.txt
2009.12.30 10:20 B C:\Documents and Settings\All Users\Desktop\GREG\WEB PAGE\WS_FTP\WS_FTP.GID --> patrick-enterprises.com /public_html WS_FTP.GID
2009.12.30 10:20 B C:\Documents and Settings\All Users\Desktop\GREG\WEB PAGE\WS_FTP\WS_FTP.hlp --> patrick-enterprises.com /public_html WS_FTP.hlp
2009.12.30 10:20 B C:\Documents and Settings\All Users\Desktop\GREG\WEB PAGE\WS_FTP\WS_FTP.ini --> patrick-enterprises.com /public_html WS_FTP.ini
